<?xml version="1.0" encoding="UTF-8"?>
<robot generator="Robot 7.1.1 (Python 3.10.6 on win32)" generated="2024-11-18T22:58:31.926699" rpa="false" schemaversion="5">
<suite id="s1" name="Tests" source="Q:\Yliopisto\Tietojenkäsittelytieteen kandiohjelma\Ohjelmistotuotanto\webcounter\src\tests">
<suite id="s1-s1" name="Increment" source="Q:\Yliopisto\Tietojenkäsittelytieteen kandiohjelma\Ohjelmistotuotanto\webcounter\src\tests\increment.robot">
<kw name="Open And Configure Browser" owner="resource" type="SETUP">
<if>
<branch type="IF" condition="$BROWSER == 'chrome'">
<kw name="Evaluate" owner="BuiltIn">
<var>${options}</var>
<arg>sys.modules['selenium.webdriver'].ChromeOptions()</arg>
<arg>sys</arg>
<doc>Evaluates the given expression in Python and returns the result.</doc>
<status status="NOT RUN" start="2024-11-18T22:58:32.114741" elapsed="0.000000"/>
</kw>
<status status="NOT RUN" start="2024-11-18T22:58:32.111740" elapsed="0.003001"/>
</branch>
<branch type="ELSE IF" condition="$BROWSER == 'firefox'">
<kw name="Evaluate" owner="BuiltIn">
<msg time="2024-11-18T22:58:32.114741" level="INFO">${options} = &lt;selenium.webdriver.firefox.options.Options object at 0x000001EDDB3B5FF0&gt;</msg>
<var>${options}</var>
<arg>sys.modules['selenium.webdriver'].FirefoxOptions()</arg>
<arg>sys</arg>
<doc>Evaluates the given expression in Python and returns the result.</doc>
<status status="PASS" start="2024-11-18T22:58:32.114741" elapsed="0.000000"/>
</kw>
<status status="PASS" start="2024-11-18T22:58:32.114741" elapsed="0.000000"/>
</branch>
<status status="PASS" start="2024-11-18T22:58:32.111740" elapsed="0.003001"/>
</if>
<if>
<branch type="IF" condition="$HEADLESS == 'true'">
<kw name="Set Selenium Speed" owner="SeleniumLibrary">
<arg>0</arg>
<doc>Sets the delay that is waited after each Selenium command.</doc>
<status status="NOT RUN" start="2024-11-18T22:58:32.115742" elapsed="0.000000"/>
</kw>
<kw name="Call Method" owner="BuiltIn">
<arg>${options}</arg>
<arg>add_argument</arg>
<arg>--headless</arg>
<doc>Calls the named method of the given object with the provided arguments.</doc>
<status status="NOT RUN" start="2024-11-18T22:58:32.115742" elapsed="0.000000"/>
</kw>
<status status="NOT RUN" start="2024-11-18T22:58:32.114741" elapsed="0.001001"/>
</branch>
<branch type="ELSE">
<kw name="Set Selenium Speed" owner="SeleniumLibrary">
<arg>${DELAY}</arg>
<doc>Sets the delay that is waited after each Selenium command.</doc>
<status status="PASS" start="2024-11-18T22:58:32.115742" elapsed="0.000000"/>
</kw>
<status status="PASS" start="2024-11-18T22:58:32.115742" elapsed="0.000000"/>
</branch>
<status status="PASS" start="2024-11-18T22:58:32.114741" elapsed="0.001001"/>
</if>
<kw name="Open Browser" owner="SeleniumLibrary">
<msg time="2024-11-18T22:58:32.116742" level="INFO">Opening browser 'firefox' to base url 'None'.</msg>
<arg>browser=${BROWSER}</arg>
<arg>options=${options}</arg>
<doc>Opens a new browser instance to the optional ``url``.</doc>
<status status="PASS" start="2024-11-18T22:58:32.115742" elapsed="7.035213"/>
</kw>
<status status="PASS" start="2024-11-18T22:58:32.111740" elapsed="7.039215"/>
</kw>
<test id="s1-s1-t1" name="At start the counter is zero" line="7">
<kw name="Go To" owner="SeleniumLibrary">
<msg time="2024-11-18T22:58:39.151955" level="INFO">Opening url 'http://localhost:5001'</msg>
<arg>${HOME_URL}</arg>
<doc>Navigates the current browser window to the provided ``url``.</doc>
<status status="PASS" start="2024-11-18T22:58:39.151955" elapsed="0.561125"/>
</kw>
<kw name="Title Should Be" owner="SeleniumLibrary">
<msg time="2024-11-18T22:58:40.229216" level="INFO">Page title is 'Laskuri'.</msg>
<arg>Laskuri</arg>
<doc>Verifies that the current page title equals ``title``.</doc>
<status status="PASS" start="2024-11-18T22:58:39.713080" elapsed="0.516136"/>
</kw>
<kw name="Page Should Contain" owner="SeleniumLibrary">
<msg time="2024-11-18T22:58:41.261781" level="INFO">Current page contains text 'nappia painettu 0 kertaa'.</msg>
<arg>nappia painettu 0 kertaa</arg>
<doc>Verifies that current page contains ``text``.</doc>
<status status="PASS" start="2024-11-18T22:58:40.229216" elapsed="1.032565"/>
</kw>
<status status="PASS" start="2024-11-18T22:58:39.151955" elapsed="2.109826"/>
</test>
<test id="s1-s1-t2" name="When button pressed twice the counter is two" line="12">
<kw name="Go To" owner="SeleniumLibrary">
<msg time="2024-11-18T22:58:41.262782" level="INFO">Opening url 'http://localhost:5001'</msg>
<arg>${HOME_URL}</arg>
<doc>Navigates the current browser window to the provided ``url``.</doc>
<status status="PASS" start="2024-11-18T22:58:41.262782" elapsed="0.535120"/>
</kw>
<kw name="Click Button" owner="SeleniumLibrary">
<msg time="2024-11-18T22:58:41.797902" level="INFO">Clicking button 'Paina'.</msg>
<arg>Paina</arg>
<doc>Clicks the button identified by ``locator``.</doc>
<status status="PASS" start="2024-11-18T22:58:41.797902" elapsed="1.583880"/>
</kw>
<kw name="Click Button" owner="SeleniumLibrary">
<msg time="2024-11-18T22:58:43.381782" level="INFO">Clicking button 'Paina'.</msg>
<arg>Paina</arg>
<doc>Clicks the button identified by ``locator``.</doc>
<status status="PASS" start="2024-11-18T22:58:43.381782" elapsed="1.550348"/>
</kw>
<kw name="Page Should Contain" owner="SeleniumLibrary">
<msg time="2024-11-18T22:58:45.953359" level="INFO">Current page contains text 'nappia painettu 2 kertaa'.</msg>
<arg>nappia painettu 2 kertaa</arg>
<doc>Verifies that current page contains ``text``.</doc>
<status status="PASS" start="2024-11-18T22:58:44.932130" elapsed="1.021229"/>
</kw>
<status status="PASS" start="2024-11-18T22:58:41.262782" elapsed="4.690577"/>
</test>
<kw name="Close Browser" owner="SeleniumLibrary" type="TEARDOWN">
<doc>Closes the current browser.</doc>
<status status="PASS" start="2024-11-18T22:58:45.954359" elapsed="3.131187"/>
</kw>
<status status="PASS" start="2024-11-18T22:58:31.948703" elapsed="17.136843"/>
</suite>
<suite id="s1-s2" name="Reset" source="Q:\Yliopisto\Tietojenkäsittelytieteen kandiohjelma\Ohjelmistotuotanto\webcounter\src\tests\reset.robot">
<kw name="Open And Configure Browser" owner="resource" type="SETUP">
<if>
<branch type="IF" condition="$BROWSER == 'chrome'">
<kw name="Evaluate" owner="BuiltIn">
<var>${options}</var>
<arg>sys.modules['selenium.webdriver'].ChromeOptions()</arg>
<arg>sys</arg>
<doc>Evaluates the given expression in Python and returns the result.</doc>
<status status="NOT RUN" start="2024-11-18T22:58:49.090546" elapsed="0.000000"/>
</kw>
<status status="NOT RUN" start="2024-11-18T22:58:49.090546" elapsed="0.000000"/>
</branch>
<branch type="ELSE IF" condition="$BROWSER == 'firefox'">
<kw name="Evaluate" owner="BuiltIn">
<msg time="2024-11-18T22:58:49.091548" level="INFO">${options} = &lt;selenium.webdriver.firefox.options.Options object at 0x000001EDDB439540&gt;</msg>
<var>${options}</var>
<arg>sys.modules['selenium.webdriver'].FirefoxOptions()</arg>
<arg>sys</arg>
<doc>Evaluates the given expression in Python and returns the result.</doc>
<status status="PASS" start="2024-11-18T22:58:49.090546" elapsed="0.001002"/>
</kw>
<status status="PASS" start="2024-11-18T22:58:49.090546" elapsed="0.001002"/>
</branch>
<status status="PASS" start="2024-11-18T22:58:49.090546" elapsed="0.001002"/>
</if>
<if>
<branch type="IF" condition="$HEADLESS == 'true'">
<kw name="Set Selenium Speed" owner="SeleniumLibrary">
<arg>0</arg>
<doc>Sets the delay that is waited after each Selenium command.</doc>
<status status="NOT RUN" start="2024-11-18T22:58:49.091548" elapsed="0.000000"/>
</kw>
<kw name="Call Method" owner="BuiltIn">
<arg>${options}</arg>
<arg>add_argument</arg>
<arg>--headless</arg>
<doc>Calls the named method of the given object with the provided arguments.</doc>
<status status="NOT RUN" start="2024-11-18T22:58:49.091548" elapsed="0.000000"/>
</kw>
<status status="NOT RUN" start="2024-11-18T22:58:49.091548" elapsed="0.000000"/>
</branch>
<branch type="ELSE">
<kw name="Set Selenium Speed" owner="SeleniumLibrary">
<arg>${DELAY}</arg>
<doc>Sets the delay that is waited after each Selenium command.</doc>
<status status="PASS" start="2024-11-18T22:58:49.091548" elapsed="0.000000"/>
</kw>
<status status="PASS" start="2024-11-18T22:58:49.091548" elapsed="0.000000"/>
</branch>
<status status="PASS" start="2024-11-18T22:58:49.091548" elapsed="0.000999"/>
</if>
<kw name="Open Browser" owner="SeleniumLibrary">
<msg time="2024-11-18T22:58:49.092547" level="INFO">Opening browser 'firefox' to base url 'None'.</msg>
<arg>browser=${BROWSER}</arg>
<arg>options=${options}</arg>
<doc>Opens a new browser instance to the optional ``url``.</doc>
<status status="PASS" start="2024-11-18T22:58:49.092547" elapsed="5.674260"/>
</kw>
<status status="PASS" start="2024-11-18T22:58:49.090546" elapsed="5.677262"/>
</kw>
<test id="s1-s2-t1" name="When counter has a nonzero value and it is reset the value becomes zero" line="7">
<kw name="Go To" owner="SeleniumLibrary">
<msg time="2024-11-18T22:58:54.768807" level="INFO">Opening url 'http://localhost:5001'</msg>
<arg>${HOME_URL}</arg>
<doc>Navigates the current browser window to the provided ``url``.</doc>
<status status="PASS" start="2024-11-18T22:58:54.767808" elapsed="0.571127"/>
</kw>
<kw name="Page Should Not Contain" owner="SeleniumLibrary">
<msg time="2024-11-18T22:58:56.867277" level="INFO">Current page does not contain text 'nappia painettu 0 kertaa'.</msg>
<arg>nappia painettu 0 kertaa</arg>
<doc>Verifies the current page does not contain ``text``.</doc>
<status status="PASS" start="2024-11-18T22:58:55.338935" elapsed="1.528342"/>
</kw>
<kw name="Click Button" owner="SeleniumLibrary">
<msg time="2024-11-18T22:58:56.867277" level="INFO">Clicking button 'Nollaa'.</msg>
<arg>Nollaa</arg>
<doc>Clicks the button identified by ``locator``.</doc>
<status status="PASS" start="2024-11-18T22:58:56.867277" elapsed="1.550416"/>
</kw>
<kw name="Page Should Contain" owner="SeleniumLibrary">
<msg time="2024-11-18T22:58:59.437970" level="INFO">Current page contains text 'nappia painettu 0 kertaa'.</msg>
<arg>nappia painettu 0 kertaa</arg>
<doc>Verifies that current page contains ``text``.</doc>
<status status="PASS" start="2024-11-18T22:58:58.417693" elapsed="1.020277"/>
</kw>
<status status="PASS" start="2024-11-18T22:58:54.767808" elapsed="4.670162"/>
</test>
<kw name="Close Browser" owner="SeleniumLibrary" type="TEARDOWN">
<doc>Closes the current browser.</doc>
<status status="PASS" start="2024-11-18T22:58:59.438962" elapsed="3.127878"/>
</kw>
<status status="PASS" start="2024-11-18T22:58:49.086546" elapsed="13.480294"/>
</suite>
<suite id="s1-s3" name="Set Value" source="Q:\Yliopisto\Tietojenkäsittelytieteen kandiohjelma\Ohjelmistotuotanto\webcounter\src\tests\set_value.robot">
<kw name="Open And Configure Browser" owner="resource" type="SETUP">
<if>
<branch type="IF" condition="$BROWSER == 'chrome'">
<kw name="Evaluate" owner="BuiltIn">
<var>${options}</var>
<arg>sys.modules['selenium.webdriver'].ChromeOptions()</arg>
<arg>sys</arg>
<doc>Evaluates the given expression in Python and returns the result.</doc>
<status status="NOT RUN" start="2024-11-18T22:59:02.572841" elapsed="0.000000"/>
</kw>
<status status="NOT RUN" start="2024-11-18T22:59:02.572841" elapsed="0.000000"/>
</branch>
<branch type="ELSE IF" condition="$BROWSER == 'firefox'">
<kw name="Evaluate" owner="BuiltIn">
<msg time="2024-11-18T22:59:02.572841" level="INFO">${options} = &lt;selenium.webdriver.firefox.options.Options object at 0x000001EDDB43BA00&gt;</msg>
<var>${options}</var>
<arg>sys.modules['selenium.webdriver'].FirefoxOptions()</arg>
<arg>sys</arg>
<doc>Evaluates the given expression in Python and returns the result.</doc>
<status status="PASS" start="2024-11-18T22:59:02.572841" elapsed="0.000000"/>
</kw>
<status status="PASS" start="2024-11-18T22:59:02.572841" elapsed="0.000000"/>
</branch>
<status status="PASS" start="2024-11-18T22:59:02.572841" elapsed="0.000000"/>
</if>
<if>
<branch type="IF" condition="$HEADLESS == 'true'">
<kw name="Set Selenium Speed" owner="SeleniumLibrary">
<arg>0</arg>
<doc>Sets the delay that is waited after each Selenium command.</doc>
<status status="NOT RUN" start="2024-11-18T22:59:02.573841" elapsed="0.000000"/>
</kw>
<kw name="Call Method" owner="BuiltIn">
<arg>${options}</arg>
<arg>add_argument</arg>
<arg>--headless</arg>
<doc>Calls the named method of the given object with the provided arguments.</doc>
<status status="NOT RUN" start="2024-11-18T22:59:02.573841" elapsed="0.000000"/>
</kw>
<status status="NOT RUN" start="2024-11-18T22:59:02.573841" elapsed="0.000000"/>
</branch>
<branch type="ELSE">
<kw name="Set Selenium Speed" owner="SeleniumLibrary">
<arg>${DELAY}</arg>
<doc>Sets the delay that is waited after each Selenium command.</doc>
<status status="PASS" start="2024-11-18T22:59:02.573841" elapsed="0.000000"/>
</kw>
<status status="PASS" start="2024-11-18T22:59:02.573841" elapsed="0.000000"/>
</branch>
<status status="PASS" start="2024-11-18T22:59:02.573841" elapsed="0.000000"/>
</if>
<kw name="Open Browser" owner="SeleniumLibrary">
<msg time="2024-11-18T22:59:02.574841" level="INFO">Opening browser 'firefox' to base url 'None'.</msg>
<arg>browser=${BROWSER}</arg>
<arg>options=${options}</arg>
<doc>Opens a new browser instance to the optional ``url``.</doc>
<status status="PASS" start="2024-11-18T22:59:02.573841" elapsed="5.776303"/>
</kw>
<status status="PASS" start="2024-11-18T22:59:02.572841" elapsed="5.777303"/>
</kw>
<test id="s1-s3-t1" name="When button is pressed counter gets value from textbox" line="7">
<kw name="Go To" owner="SeleniumLibrary">
<msg time="2024-11-18T22:59:08.351145" level="INFO">Opening url 'http://localhost:5001'</msg>
<arg>${HOME_URL}</arg>
<doc>Navigates the current browser window to the provided ``url``.</doc>
<status status="PASS" start="2024-11-18T22:59:08.350144" elapsed="0.575129"/>
</kw>
<kw name="Input Text" owner="SeleniumLibrary">
<msg time="2024-11-18T22:59:08.925273" level="INFO">Typing text '10' into text field 'value'.</msg>
<arg>value</arg>
<arg>10</arg>
<doc>Types the given ``text`` into the text field identified by ``locator``.</doc>
<status status="PASS" start="2024-11-18T22:59:08.925273" elapsed="1.582393"/>
</kw>
<kw name="Click Button" owner="SeleniumLibrary">
<msg time="2024-11-18T22:59:10.507666" level="INFO">Clicking button 'Aseta'.</msg>
<arg>Aseta</arg>
<doc>Clicks the button identified by ``locator``.</doc>
<status status="PASS" start="2024-11-18T22:59:10.507666" elapsed="1.562405"/>
</kw>
<kw name="Page Should Contain" owner="SeleniumLibrary">
<msg time="2024-11-18T22:59:13.075273" level="INFO">Current page contains text 'nappia painettu 10 kertaa'.</msg>
<arg>nappia painettu 10 kertaa</arg>
<doc>Verifies that current page contains ``text``.</doc>
<status status="PASS" start="2024-11-18T22:59:12.070071" elapsed="1.005202"/>
</kw>
<status status="PASS" start="2024-11-18T22:59:08.350144" elapsed="4.725129"/>
</test>
<kw name="Close Browser" owner="SeleniumLibrary" type="TEARDOWN">
<doc>Closes the current browser.</doc>
<status status="PASS" start="2024-11-18T22:59:13.078274" elapsed="3.120894"/>
</kw>
<status status="PASS" start="2024-11-18T22:59:02.568840" elapsed="13.630328"/>
</suite>
<status status="PASS" start="2024-11-18T22:58:31.930699" elapsed="44.271470"/>
</suite>
<statistics>
<total>
<stat pass="4" fail="0" skip="0">All Tests</stat>
</total>
<tag>
</tag>
<suite>
<stat pass="4" fail="0" skip="0" id="s1" name="Tests">Tests</stat>
<stat pass="2" fail="0" skip="0" id="s1-s1" name="Increment">Tests.Increment</stat>
<stat pass="1" fail="0" skip="0" id="s1-s2" name="Reset">Tests.Reset</stat>
<stat pass="1" fail="0" skip="0" id="s1-s3" name="Set Value">Tests.Set Value</stat>
</suite>
</statistics>
<errors>
</errors>
</robot>
