<?xml version="1.0" encoding="UTF-8"?>
<robot generator="Robot 7.1.1 (Python 3.10.6 on win32)" generated="2024-11-18T22:04:39.540550" rpa="false" schemaversion="5">
<suite id="s1" name="Tests" source="Q:\Yliopisto\Tietojenkäsittelytieteen kandiohjelma\Ohjelmistotuotanto\webcounter\src\tests">
<suite id="s1-s1" name="Increment" source="Q:\Yliopisto\Tietojenkäsittelytieteen kandiohjelma\Ohjelmistotuotanto\webcounter\src\tests\increment.robot">
<kw name="Open And Configure Browser" owner="resource" type="SETUP">
<kw name="Set Selenium Speed" owner="SeleniumLibrary">
<arg>${DELAY}</arg>
<doc>Sets the delay that is waited after each Selenium command.</doc>
<status status="PASS" start="2024-11-18T22:04:39.731598" elapsed="0.000000"/>
</kw>
<kw name="Open Browser" owner="SeleniumLibrary">
<msg time="2024-11-18T22:04:39.732598" level="INFO">Opening browser 'firefox' to base url 'None'.</msg>
<arg>browser=${BROWSER}</arg>
<doc>Opens a new browser instance to the optional ``url``.</doc>
<status status="PASS" start="2024-11-18T22:04:39.731598" elapsed="6.180145"/>
</kw>
<status status="PASS" start="2024-11-18T22:04:39.731598" elapsed="6.180145"/>
</kw>
<test id="s1-s1-t1" name="At start the counter is zero" line="7">
<kw name="Go To" owner="SeleniumLibrary">
<msg time="2024-11-18T22:04:45.912743" level="INFO">Opening url 'http://localhost:5001'</msg>
<arg>${HOME_URL}</arg>
<doc>Navigates the current browser window to the provided ``url``.</doc>
<status status="PASS" start="2024-11-18T22:04:45.911743" elapsed="0.557125"/>
</kw>
<kw name="Title Should Be" owner="SeleniumLibrary">
<msg time="2024-11-18T22:04:46.976982" level="INFO">Page title is 'Laskuri'.</msg>
<arg>Laskuri</arg>
<doc>Verifies that the current page title equals ``title``.</doc>
<status status="PASS" start="2024-11-18T22:04:46.468868" elapsed="0.508114"/>
</kw>
<kw name="Page Should Contain" owner="SeleniumLibrary">
<msg time="2024-11-18T22:04:48.002212" level="INFO">Current page contains text 'nappia painettu 0 kertaa'.</msg>
<arg>nappia painettu 0 kertaa</arg>
<doc>Verifies that current page contains ``text``.</doc>
<status status="PASS" start="2024-11-18T22:04:46.976982" elapsed="1.025230"/>
</kw>
<status status="PASS" start="2024-11-18T22:04:45.911743" elapsed="2.090469"/>
</test>
<test id="s1-s1-t2" name="When button pressed twice the counter is two" line="12">
<kw name="Go To" owner="SeleniumLibrary">
<msg time="2024-11-18T22:04:48.005212" level="INFO">Opening url 'http://localhost:5001'</msg>
<arg>${HOME_URL}</arg>
<doc>Navigates the current browser window to the provided ``url``.</doc>
<status status="PASS" start="2024-11-18T22:04:48.005212" elapsed="0.528119"/>
</kw>
<kw name="Click Button" owner="SeleniumLibrary">
<msg time="2024-11-18T22:04:48.534332" level="INFO">Clicking button 'Paina'.</msg>
<arg>Paina</arg>
<doc>Clicks the button identified by ``locator``.</doc>
<status status="PASS" start="2024-11-18T22:04:48.533331" elapsed="1.571856"/>
</kw>
<kw name="Click Button" owner="SeleniumLibrary">
<msg time="2024-11-18T22:04:50.105187" level="INFO">Clicking button 'Paina'.</msg>
<arg>Paina</arg>
<doc>Clicks the button identified by ``locator``.</doc>
<status status="PASS" start="2024-11-18T22:04:50.105187" elapsed="1.559984"/>
</kw>
<kw name="Page Should Contain" owner="SeleniumLibrary">
<msg time="2024-11-18T22:04:52.691249" level="INFO">Current page contains text 'nappia painettu 2 kertaa'.</msg>
<arg>nappia painettu 2 kertaa</arg>
<doc>Verifies that current page contains ``text``.</doc>
<status status="PASS" start="2024-11-18T22:04:51.665171" elapsed="1.026078"/>
</kw>
<status status="PASS" start="2024-11-18T22:04:48.004212" elapsed="4.687037"/>
</test>
<kw name="Close Browser" owner="SeleniumLibrary" type="TEARDOWN">
<doc>Closes the current browser.</doc>
<status status="PASS" start="2024-11-18T22:04:52.693249" elapsed="3.085834"/>
</kw>
<status status="PASS" start="2024-11-18T22:04:39.565555" elapsed="16.213528"/>
</suite>
<suite id="s1-s2" name="Reset" source="Q:\Yliopisto\Tietojenkäsittelytieteen kandiohjelma\Ohjelmistotuotanto\webcounter\src\tests\reset.robot">
<kw name="Open And Configure Browser" owner="resource" type="SETUP">
<kw name="Set Selenium Speed" owner="SeleniumLibrary">
<arg>${DELAY}</arg>
<doc>Sets the delay that is waited after each Selenium command.</doc>
<status status="PASS" start="2024-11-18T22:04:55.787085" elapsed="0.000000"/>
</kw>
<kw name="Open Browser" owner="SeleniumLibrary">
<msg time="2024-11-18T22:04:55.787085" level="INFO">Opening browser 'firefox' to base url 'None'.</msg>
<arg>browser=${BROWSER}</arg>
<doc>Opens a new browser instance to the optional ``url``.</doc>
<status status="PASS" start="2024-11-18T22:04:55.787085" elapsed="5.793568"/>
</kw>
<status status="PASS" start="2024-11-18T22:04:55.786085" elapsed="5.794568"/>
</kw>
<test id="s1-s2-t1" name="When counter has a nonzero value and it is reset the value becomes zero" line="7">
<kw name="Go To" owner="SeleniumLibrary">
<msg time="2024-11-18T22:05:01.580653" level="INFO">Opening url 'http://localhost:5001'</msg>
<arg>${HOME_URL}</arg>
<doc>Navigates the current browser window to the provided ``url``.</doc>
<status status="PASS" start="2024-11-18T22:05:01.580653" elapsed="0.558145"/>
</kw>
<kw name="Page Should Not Contain" owner="SeleniumLibrary">
<msg time="2024-11-18T22:05:03.684571" level="INFO">Current page does not contain text 'nappia painettu 0 kertaa'.</msg>
<arg>nappia painettu 0 kertaa</arg>
<doc>Verifies the current page does not contain ``text``.</doc>
<status status="PASS" start="2024-11-18T22:05:02.138798" elapsed="1.545773"/>
</kw>
<kw name="Click Button" owner="SeleniumLibrary">
<msg time="2024-11-18T22:05:03.684571" level="INFO">Clicking button 'Nollaa'.</msg>
<arg>Nollaa</arg>
<doc>Clicks the button identified by ``locator``.</doc>
<status status="PASS" start="2024-11-18T22:05:03.684571" elapsed="1.567407"/>
</kw>
<kw name="Page Should Contain" owner="SeleniumLibrary">
<msg time="2024-11-18T22:05:06.261149" level="INFO">Current page contains text 'nappia painettu 0 kertaa'.</msg>
<arg>nappia painettu 0 kertaa</arg>
<doc>Verifies that current page contains ``text``.</doc>
<status status="PASS" start="2024-11-18T22:05:05.251978" elapsed="1.009171"/>
</kw>
<status status="PASS" start="2024-11-18T22:05:01.580653" elapsed="4.680496"/>
</test>
<kw name="Close Browser" owner="SeleniumLibrary" type="TEARDOWN">
<doc>Closes the current browser.</doc>
<status status="PASS" start="2024-11-18T22:05:06.263149" elapsed="3.109704"/>
</kw>
<status status="PASS" start="2024-11-18T22:04:55.782084" elapsed="13.590769"/>
</suite>
<status status="PASS" start="2024-11-18T22:04:39.543550" elapsed="29.832304"/>
</suite>
<statistics>
<total>
<stat pass="3" fail="0" skip="0">All Tests</stat>
</total>
<tag>
</tag>
<suite>
<stat pass="3" fail="0" skip="0" id="s1" name="Tests">Tests</stat>
<stat pass="2" fail="0" skip="0" id="s1-s1" name="Increment">Tests.Increment</stat>
<stat pass="1" fail="0" skip="0" id="s1-s2" name="Reset">Tests.Reset</stat>
</suite>
</statistics>
<errors>
</errors>
</robot>
